<?xml version="1.0" encoding="UTF-8"?>
<!-- Generated by org.testng.reporters.JUnitReportReporter -->
<testsuite hostname="jeevan-HP-15-Notebook-PC" failures="0" tests="1" name="com.testvagrant.tests.OneWayFlightBookingTest" time="14.756" errors="0" timestamp="19 Nov 2019 18:35:25 GMT" skipped="0">
  <testcase classname="com.testvagrant.tests.OneWayFlightBookingTest" name="testThatResultsAppearForAOneWayJourney" time="14.756"/>
</testsuite> <!-- com.testvagrant.tests.OneWayFlightBookingTest -->
